Using pre-set license
Built from '2022.3/staging' branch; Version is '2022.3.4f1 (35713cd46cd7) revision 3502396'; Using compiler version '192829333'; Build Type 'Release'
OS: 'Windows 11  (10.0.26100) 64bit Professional' Language: 'en' Physical Memory: 7980 MB
BatchMode: 1, IsHumanControllingUs: 0, StartBugReporterOnCrash: 0, Is64bit: 1, IsPro: 1

COMMAND LINE ARGUMENTS:
C:\Program Files\Unity\Hub\Editor\2022.3.4f1\Editor\Unity.exe
-adb2
-batchMode
-noUpm
-name
AssetImportWorker1
-projectPath
C:/Users/prett/OneDrive/Documents/code/here/ProjectBH/BulletHell
-logFile
Logs/AssetImportWorker1.log
-srvPort
55781
Successfully changed project path to: C:/Users/prett/OneDrive/Documents/code/here/ProjectBH/BulletHell
C:/Users/prett/OneDrive/Documents/code/here/ProjectBH/BulletHell
[UnityMemory] Configuration Parameters - Can be set up in boot.config
    "memorysetup-bucket-allocator-granularity=16"
    "memorysetup-bucket-allocator-bucket-count=8"
    "memorysetup-bucket-allocator-block-size=33554432"
    "memorysetup-bucket-allocator-block-count=8"
    "memorysetup-main-allocator-block-size=16777216"
    "memorysetup-thread-allocator-block-size=16777216"
    "memorysetup-gfx-main-allocator-block-size=16777216"
    "memorysetup-gfx-thread-allocator-block-size=16777216"
    "memorysetup-cache-allocator-block-size=4194304"
    "memorysetup-typetree-allocator-block-size=2097152"
    "memorysetup-profiler-bucket-allocator-granularity=16"
    "memorysetup-profiler-bucket-allocator-bucket-count=8"
    "memorysetup-profiler-bucket-allocator-block-size=33554432"
    "memorysetup-profiler-bucket-allocator-block-count=8"
    "memorysetup-profiler-allocator-block-size=16777216"
    "memorysetup-profiler-editor-allocator-block-size=1048576"
    "memorysetup-temp-allocator-size-main=16777216"
    "memorysetup-job-temp-allocator-block-size=2097152"
    "memorysetup-job-temp-allocator-block-size-background=1048576"
    "memorysetup-job-temp-allocator-reduction-small-platforms=262144"
    "memorysetup-allocator-temp-initial-block-size-main=262144"
    "memorysetup-allocator-temp-initial-block-size-worker=262144"
    "memorysetup-temp-allocator-size-background-worker=32768"
    "memorysetup-temp-allocator-size-job-worker=262144"
    "memorysetup-temp-allocator-size-preload-manager=33554432"
    "memorysetup-temp-allocator-size-nav-mesh-worker=65536"
    "memorysetup-temp-allocator-size-audio-worker=65536"
    "memorysetup-temp-allocator-size-cloud-worker=32768"
    "memorysetup-temp-allocator-size-gi-baking-worker=262144"
    "memorysetup-temp-allocator-size-gfx=262144"
Player connection [15608] Host "[IP] 192.168.56.1 [Port] 0 [Flags] 2 [Guid] 4077459370 [EditorId] 4077459370 [Version] 1048832 [Id] WindowsEditor(7,Kawaii) [Debug] 1 [PackageName] WindowsEditor [ProjectName] Editor" joined multi-casting on [225.0.0.222:54997]...

Player connection [15608] Host "[IP] 192.168.56.1 [Port] 0 [Flags] 2 [Guid] 4077459370 [EditorId] 4077459370 [Version] 1048832 [Id] WindowsEditor(7,Kawaii) [Debug] 1 [PackageName] WindowsEditor [ProjectName] Editor" joined alternative multi-casting on [225.0.0.222:34997]...

Refreshing native plugins compatible for Editor in 34.94 ms, found 3 plugins.
Preloading 0 native plugins for Editor in 0.00 ms.
Initialize engine version: 2022.3.4f1 (35713cd46cd7)
[Subsystems] Discovering subsystems at path C:/Program Files/Unity/Hub/Editor/2022.3.4f1/Editor/Data/Resources/UnitySubsystems
[Subsystems] Discovering subsystems at path C:/Users/prett/OneDrive/Documents/code/here/ProjectBH/BulletHell/Assets
GfxDevice: creating device client; threaded=0; jobified=0
Direct3D:
    Version:  Direct3D 11.0 [level 11.1]
    Renderer: Intel(R) Iris(R) Plus Graphics (ID=0x8a5a)
    Vendor:   Intel
    VRAM:     3990 MB
    Driver:   30.0.100.9805
Initialize mono
Mono path[0] = 'C:/Program Files/Unity/Hub/Editor/2022.3.4f1/Editor/Data/Managed'
Mono path[1] = 'C:/Program Files/Unity/Hub/Editor/2022.3.4f1/Editor/Data/MonoBleedingEdge/lib/mono/unityjit-win32'
Mono config path = 'C:/Program Files/Unity/Hub/Editor/2022.3.4f1/Editor/Data/MonoBleedingEdge/etc'
Using monoOptions --debugger-agent=transport=dt_socket,embedding=1,server=y,suspend=n,address=127.0.0.1:56168
Begin MonoManager ReloadAssembly
Registering precompiled unity dll's ...
Register platform support module: C:/Program Files/Unity/Hub/Editor/2022.3.4f1/Editor/Data/PlaybackEngines/WindowsStandaloneSupport/UnityEditor.WindowsStandalone.Extensions.dll
Registered in 0.013973 seconds.
- Loaded All Assemblies, in  0.780 seconds
Native extension for WindowsStandalone target not found
Mono: successfully reloaded assembly
- Finished resetting the current domain, in  0.605 seconds
Domain Reload Profiling: 1385ms
	BeginReloadAssembly (257ms)
		ExecutionOrderSort (0ms)
		DisableScriptedObjects (0ms)
		BackupInstance (0ms)
		ReleaseScriptingObjects (0ms)
		CreateAndSetChildDomain (1ms)
	RebuildCommonClasses (91ms)
	RebuildNativeTypeToScriptingClass (19ms)
	initialDomainReloadingComplete (113ms)
	LoadAllAssembliesAndSetupDomain (298ms)
		LoadAssemblies (251ms)
		RebuildTransferFunctionScriptingTraits (0ms)
		AnalyzeDomain (290ms)
			TypeCache.Refresh (289ms)
				TypeCache.ScanAssembly (266ms)
			ScanForSourceGeneratedMonoScriptInfo (0ms)
			ResolveRequiredComponents (1ms)
	FinalizeReload (607ms)
		ReleaseScriptCaches (0ms)
		RebuildScriptCaches (0ms)
		SetupLoadedEditorAssemblies (458ms)
			LogAssemblyErrors (0ms)
			InitializePlatformSupportModulesInManaged (23ms)
			SetLoadedEditorAssemblies (18ms)
			RefreshPlugins (0ms)
			BeforeProcessingInitializeOnLoad (5ms)
			ProcessInitializeOnLoadAttributes (309ms)
			ProcessInitializeOnLoadMethodAttributes (104ms)
			AfterProcessingInitializeOnLoad (0ms)
			EditorAssembliesLoaded (0ms)
		ExecutionOrderSort2 (0ms)
		AwakeInstancesAfterBackupRestoration (0ms)
========================================================================
Worker process is ready to serve import requests
Begin MonoManager ReloadAssembly
Symbol file LoadedFromMemory doesn't match image C:\Users\prett\OneDrive\Documents\code\here\ProjectBH\BulletHell\Library\PackageCache\com.unity.visualscripting@1.8.0\Editor\VisualScripting.Core\Dependencies\YamlDotNet\Unity.VisualScripting.YamlDotNet.dll
Symbol file LoadedFromMemory doesn't match image C:\Users\prett\OneDrive\Documents\code\here\ProjectBH\BulletHell\Library\PackageCache\com.unity.visualscripting@1.8.0\Editor\VisualScripting.Core\Dependencies\DotNetZip\Unity.VisualScripting.IonicZip.dll
- Loaded All Assemblies, in  2.120 seconds
Refreshing native plugins compatible for Editor in 22.89 ms, found 3 plugins.
Native extension for WindowsStandalone target not found
Mono: successfully reloaded assembly
- Finished resetting the current domain, in  1.793 seconds
Domain Reload Profiling: 3903ms
	BeginReloadAssembly (265ms)
		ExecutionOrderSort (0ms)
		DisableScriptedObjects (13ms)
		BackupInstance (0ms)
		ReleaseScriptingObjects (0ms)
		CreateAndSetChildDomain (41ms)
	RebuildCommonClasses (68ms)
	RebuildNativeTypeToScriptingClass (21ms)
	initialDomainReloadingComplete (163ms)
	LoadAllAssembliesAndSetupDomain (1591ms)
		LoadAssemblies (871ms)
		RebuildTransferFunctionScriptingTraits (0ms)
		AnalyzeDomain (844ms)
			TypeCache.Refresh (757ms)
				TypeCache.ScanAssembly (729ms)
			ScanForSourceGeneratedMonoScriptInfo (63ms)
			ResolveRequiredComponents (24ms)
	FinalizeReload (1794ms)
		ReleaseScriptCaches (0ms)
		RebuildScriptCaches (0ms)
		SetupLoadedEditorAssemblies (1281ms)
			LogAssemblyErrors (0ms)
			InitializePlatformSupportModulesInManaged (23ms)
			SetLoadedEditorAssemblies (10ms)
			RefreshPlugins (0ms)
			BeforeProcessingInitializeOnLoad (263ms)
			ProcessInitializeOnLoadAttributes (826ms)
			ProcessInitializeOnLoadMethodAttributes (140ms)
			AfterProcessingInitializeOnLoad (17ms)
			EditorAssembliesLoaded (3ms)
		ExecutionOrderSort2 (0ms)
		AwakeInstancesAfterBackupRestoration (18ms)
Launched and connected shader compiler UnityShaderCompiler.exe after 0.12 seconds
Refreshing native plugins compatible for Editor in 24.52 ms, found 3 plugins.
Preloading 0 native plugins for Editor in 0.00 ms.
Unloading 5401 Unused Serialized files (Serialized files now loaded: 0)
Unloading 86 unused Assets / (0.8 MB). Loaded Objects now: 5855.
Memory consumption went from 220.0 MB to 219.2 MB.
Total: 14.569400 ms (FindLiveObjects: 0.921400 ms CreateObjectMapping: 3.513700 ms MarkObjects: 9.313900 ms  DeleteObjects: 0.818300 ms)

AssetImportParameters requested are different than current active one (requested -> active):
  custom:container-demuxer-ogg: 62fdf1f143b41e24485cea50d1cbac27 -> 
  custom:video-decoder-ogg-theora: a1e56fd34408186e4bbccfd4996cb3dc -> 
  custom:framework-win-MediaFoundation: 216162199b28c13a410421893ffa2e32 -> 
  custom:CustomObjectIndexerAttribute: a3ef5dd2817f97addfee359851a9dba5 -> 
  custom:container-demuxer-webm: 4f35f7cbe854078d1ac9338744f61a02 -> 
  custom:container-muxer-webm: aa71ff27fc2769a1b78a27578f13a17b -> 
  custom:video-decoder-webm-vp8: 9c59270c3fd7afecdb556c50c9e8de78 -> 
  custom:AudioImporter_EditorPlatform: d09bf68614088b80899f8185d706f6e7 -> 
  custom:video-encoder-webm-vp8: eb34c28f22e8b96e1ab97ce403110664 -> 
  custom:audio-decoder-ogg-vorbis: bf7c407c2cedff20999df2af8eb42d56 -> 
  custom:audio-encoder-webm-vorbis: bf7c407c2cedff20999df2af8eb42d56 -> 
========================================================================
Received Import Request.
  Time since last request: 255981.087662 seconds.
  path: Assets/Import/BT-7274/animations
  artifactKey: Guid(48fed05c9b64aab4399222481c7f3c24) Importer(815301076,1909f56bfc062723c751e8b465ee728b)
Start importing Assets/Import/BT-7274/animations using Guid(48fed05c9b64aab4399222481c7f3c24) Importer(815301076,1909f56bfc062723c751e8b465ee728b)  -> (artifact id: '340df57fea317e7a58494f50ba0394a9') in 0.022612 seconds
Number of updated asset objects reloaded before import = 0
Number of asset objects unloaded after import = 0
========================================================================
Received Import Request.
  Time since last request: 0.000097 seconds.
  path: Assets/Import/BT-7274
  artifactKey: Guid(2ffc98d1794c7c4458f999d75e625c6c) Importer(815301076,1909f56bfc062723c751e8b465ee728b)
Start importing Assets/Import/BT-7274 using Guid(2ffc98d1794c7c4458f999d75e625c6c) Importer(815301076,1909f56bfc062723c751e8b465ee728b)  -> (artifact id: '77af1b86766bf9fa181ff294a4a76c29') in 0.001576 seconds
Number of updated asset objects reloaded before import = 0
Number of asset objects unloaded after import = 0
========================================================================
Received Import Request.
  Time since last request: 388.566453 seconds.
  path: Assets/Import/BT-7274/textures/t_cockpit_atlas_01_emissive_7.png
  artifactKey: Guid(446c0934e6be2c141b4c84f4b4672cdf) Importer(815301076,1909f56bfc062723c751e8b465ee728b)
Start importing Assets/Import/BT-7274/textures/t_cockpit_atlas_01_emissive_7.png using Guid(446c0934e6be2c141b4c84f4b4672cdf) Importer(815301076,1909f56bfc062723c751e8b465ee728b)  -> (artifact id: '09c0ac91c5588a7434944d3a34f51394') in 0.170131 seconds
Number of updated asset objects reloaded before import = 0
Number of asset objects unloaded after import = 1
========================================================================
Received Import Request.
  Time since last request: 249.476436 seconds.
  path: Assets/Import/BT-7274/meshes/bt_7274_titan_buddy_buddy_titan_battery_cap_center_BT_a_all_0_15_0.asset
  artifactKey: Guid(003b5819864f07245b4462f2965a3b6f) Importer(815301076,1909f56bfc062723c751e8b465ee728b)
Start importing Assets/Import/BT-7274/meshes/bt_7274_titan_buddy_buddy_titan_battery_cap_center_BT_a_all_0_15_0.asset using Guid(003b5819864f07245b4462f2965a3b6f) Importer(815301076,1909f56bfc062723c751e8b465ee728b)  -> (artifact id: '44b6be53527551734ae97f26151cd9d5') in 0.152384 seconds
Number of updated asset objects reloaded before import = 0
Number of asset objects unloaded after import = 1
========================================================================
Received Import Request.
  Time since last request: 0.000184 seconds.
  path: Assets/Import/BT-7274/meshes/bt_7274_titan_buddy_buddy_titan_front_lod0_BT_a_all_0_7_0.asset
  artifactKey: Guid(8e48b5241abb0b84f9704f1a91d33be3) Importer(815301076,1909f56bfc062723c751e8b465ee728b)
Start importing Assets/Import/BT-7274/meshes/bt_7274_titan_buddy_buddy_titan_front_lod0_BT_a_all_0_7_0.asset using Guid(8e48b5241abb0b84f9704f1a91d33be3) Importer(815301076,1909f56bfc062723c751e8b465ee728b)  -> (artifact id: '48237d665d770af89d46e1b0f24e3d84') in 0.053737 seconds
Number of updated asset objects reloaded before import = 0
Number of asset objects unloaded after import = 1
========================================================================
Received Import Request.
  Time since last request: 0.000060 seconds.
  path: Assets/Import/BT-7274/meshes/bt_7274_titan_buddy_buddy_titan_hatch_lod0_BT_a_all_0_10_0.asset
  artifactKey: Guid(f8073a6d80d07df40bcae735fe089553) Importer(815301076,1909f56bfc062723c751e8b465ee728b)
Start importing Assets/Import/BT-7274/meshes/bt_7274_titan_buddy_buddy_titan_hatch_lod0_BT_a_all_0_10_0.asset using Guid(f8073a6d80d07df40bcae735fe089553) Importer(815301076,1909f56bfc062723c751e8b465ee728b)  -> (artifact id: 'f6f6a83decc55e1e637d4d619088a538') in 0.016248 seconds
Number of updated asset objects reloaded before import = 0
Number of asset objects unloaded after import = 1
========================================================================
Received Import Request.
  Time since last request: 0.000018 seconds.
  path: Assets/Import/BT-7274/meshes/bt_7274_titan_buddy_buddy_titan_hatch_lod0_BT_a_eye_cine_0_11_0.asset
  artifactKey: Guid(b408a88390480b74894d670237f994e2) Importer(815301076,1909f56bfc062723c751e8b465ee728b)
Start importing Assets/Import/BT-7274/meshes/bt_7274_titan_buddy_buddy_titan_hatch_lod0_BT_a_eye_cine_0_11_0.asset using Guid(b408a88390480b74894d670237f994e2) Importer(815301076,1909f56bfc062723c751e8b465ee728b)  -> (artifact id: 'f6d165619d7267594ee4e2142d322c94') in 0.006807 seconds
Number of updated asset objects reloaded before import = 0
Number of asset objects unloaded after import = 1
========================================================================
Received Import Request.
  Time since last request: 0.000021 seconds.
  path: Assets/Import/BT-7274/meshes/bt_7274_titan_buddy_buddy_titan_battery_cap_outer_BT_a_all_0_14_0.asset
  artifactKey: Guid(44064191d20b5a2418ce46f35f91ef04) Importer(815301076,1909f56bfc062723c751e8b465ee728b)
Start importing Assets/Import/BT-7274/meshes/bt_7274_titan_buddy_buddy_titan_battery_cap_outer_BT_a_all_0_14_0.asset using Guid(44064191d20b5a2418ce46f35f91ef04) Importer(815301076,1909f56bfc062723c751e8b465ee728b)  -> (artifact id: 'b7aaa8f132aa952008e2c23371436825') in 0.006380 seconds
Number of updated asset objects reloaded before import = 0
Number of asset objects unloaded after import = 1
========================================================================
Received Import Request.
  Time since last request: 0.000023 seconds.
  path: Assets/Import/BT-7274/meshes/bt_7274_titan_buddy_buddy_titan_l_leg_lod0_BT_a_all_0_4_0.asset
  artifactKey: Guid(ff85d83f7c4bd9d42ba45c8e5e0e7350) Importer(815301076,1909f56bfc062723c751e8b465ee728b)
Start importing Assets/Import/BT-7274/meshes/bt_7274_titan_buddy_buddy_titan_l_leg_lod0_BT_a_all_0_4_0.asset using Guid(ff85d83f7c4bd9d42ba45c8e5e0e7350) Importer(815301076,1909f56bfc062723c751e8b465ee728b)  -> (artifact id: '6113ecbc412bb155c43f642e5bc7fc29') in 0.019350 seconds
Number of updated asset objects reloaded before import = 0
Number of asset objects unloaded after import = 1
========================================================================
Received Import Request.
  Time since last request: 0.000020 seconds.
  path: Assets/Import/BT-7274/meshes/bt_7274_titan_buddy_buddy_titan_front_lod0_t_cockpit_atlas_01_0_8_0.asset
  artifactKey: Guid(977fb68537553a545b3383e22cc03a46) Importer(815301076,1909f56bfc062723c751e8b465ee728b)
Start importing Assets/Import/BT-7274/meshes/bt_7274_titan_buddy_buddy_titan_front_lod0_t_cockpit_atlas_01_0_8_0.asset using Guid(977fb68537553a545b3383e22cc03a46) Importer(815301076,1909f56bfc062723c751e8b465ee728b)  -> (artifact id: '0f9dc32bd7b5ebafea1405ede71b4c54') in 0.027143 seconds
Number of updated asset objects reloaded before import = 0
Number of asset objects unloaded after import = 1
Editor requested this worker to shutdown with reason: Scaling down because of idle timeout
TcpMessagingSession - receive error: operation aborted. errorcode: 995, details: The I/O operation has been aborted because of either a thread exit or an application request.
AssetImportWorker is now disconnected from the server
Process exiting
Exiting without the bug reporter. Application will terminate with return code 0