Using pre-set license
Built from '2022.3/staging' branch; Version is '2022.3.4f1 (35713cd46cd7) revision 3502396'; Using compiler version '192829333'; Build Type 'Release'
OS: 'Windows 11  (10.0.26100) 64bit Professional' Language: 'en' Physical Memory: 7980 MB
BatchMode: 1, IsHumanControllingUs: 0, StartBugReporterOnCrash: 0, Is64bit: 1, IsPro: 1

COMMAND LINE ARGUMENTS:
C:\Program Files\Unity\Hub\Editor\2022.3.4f1\Editor\Unity.exe
-adb2
-batchMode
-noUpm
-name
AssetImportWorker0
-projectPath
C:/Users/prett/OneDrive/Documents/code/here/ProjectBH/BulletHell
-logFile
Logs/AssetImportWorker0.log
-srvPort
55781
Successfully changed project path to: C:/Users/prett/OneDrive/Documents/code/here/ProjectBH/BulletHell
C:/Users/prett/OneDrive/Documents/code/here/ProjectBH/BulletHell
[UnityMemory] Configuration Parameters - Can be set up in boot.config
    "memorysetup-bucket-allocator-granularity=16"
    "memorysetup-bucket-allocator-bucket-count=8"
    "memorysetup-bucket-allocator-block-size=33554432"
    "memorysetup-bucket-allocator-block-count=8"
    "memorysetup-main-allocator-block-size=16777216"
    "memorysetup-thread-allocator-block-size=16777216"
    "memorysetup-gfx-main-allocator-block-size=16777216"
    "memorysetup-gfx-thread-allocator-block-size=16777216"
    "memorysetup-cache-allocator-block-size=4194304"
    "memorysetup-typetree-allocator-block-size=2097152"
    "memorysetup-profiler-bucket-allocator-granularity=16"
    "memorysetup-profiler-bucket-allocator-bucket-count=8"
    "memorysetup-profiler-bucket-allocator-block-size=33554432"
    "memorysetup-profiler-bucket-allocator-block-count=8"
    "memorysetup-profiler-allocator-block-size=16777216"
    "memorysetup-profiler-editor-allocator-block-size=1048576"
    "memorysetup-temp-allocator-size-main=16777216"
    "memorysetup-job-temp-allocator-block-size=2097152"
    "memorysetup-job-temp-allocator-block-size-background=1048576"
    "memorysetup-job-temp-allocator-reduction-small-platforms=262144"
    "memorysetup-allocator-temp-initial-block-size-main=262144"
    "memorysetup-allocator-temp-initial-block-size-worker=262144"
    "memorysetup-temp-allocator-size-background-worker=32768"
    "memorysetup-temp-allocator-size-job-worker=262144"
    "memorysetup-temp-allocator-size-preload-manager=33554432"
    "memorysetup-temp-allocator-size-nav-mesh-worker=65536"
    "memorysetup-temp-allocator-size-audio-worker=65536"
    "memorysetup-temp-allocator-size-cloud-worker=32768"
    "memorysetup-temp-allocator-size-gi-baking-worker=262144"
    "memorysetup-temp-allocator-size-gfx=262144"
Player connection [32356] Host "[IP] 192.168.56.1 [Port] 0 [Flags] 2 [Guid] 3663063731 [EditorId] 3663063731 [Version] 1048832 [Id] WindowsEditor(7,Kawaii) [Debug] 1 [PackageName] WindowsEditor [ProjectName] Editor" joined multi-casting on [225.0.0.222:54997]...

Player connection [32356] Host "[IP] 192.168.56.1 [Port] 0 [Flags] 2 [Guid] 3663063731 [EditorId] 3663063731 [Version] 1048832 [Id] WindowsEditor(7,Kawaii) [Debug] 1 [PackageName] WindowsEditor [ProjectName] Editor" joined alternative multi-casting on [225.0.0.222:34997]...

Refreshing native plugins compatible for Editor in 34.22 ms, found 3 plugins.
Preloading 0 native plugins for Editor in 0.00 ms.
Initialize engine version: 2022.3.4f1 (35713cd46cd7)
[Subsystems] Discovering subsystems at path C:/Program Files/Unity/Hub/Editor/2022.3.4f1/Editor/Data/Resources/UnitySubsystems
[Subsystems] Discovering subsystems at path C:/Users/prett/OneDrive/Documents/code/here/ProjectBH/BulletHell/Assets
GfxDevice: creating device client; threaded=0; jobified=0
Direct3D:
    Version:  Direct3D 11.0 [level 11.1]
    Renderer: Intel(R) Iris(R) Plus Graphics (ID=0x8a5a)
    Vendor:   Intel
    VRAM:     3990 MB
    Driver:   30.0.100.9805
Initialize mono
Mono path[0] = 'C:/Program Files/Unity/Hub/Editor/2022.3.4f1/Editor/Data/Managed'
Mono path[1] = 'C:/Program Files/Unity/Hub/Editor/2022.3.4f1/Editor/Data/MonoBleedingEdge/lib/mono/unityjit-win32'
Mono config path = 'C:/Program Files/Unity/Hub/Editor/2022.3.4f1/Editor/Data/MonoBleedingEdge/etc'
Using monoOptions --debugger-agent=transport=dt_socket,embedding=1,server=y,suspend=n,address=127.0.0.1:56684
Begin MonoManager ReloadAssembly
Registering precompiled unity dll's ...
Register platform support module: C:/Program Files/Unity/Hub/Editor/2022.3.4f1/Editor/Data/PlaybackEngines/WindowsStandaloneSupport/UnityEditor.WindowsStandalone.Extensions.dll
Registered in 0.012665 seconds.
- Loaded All Assemblies, in  0.788 seconds
Native extension for WindowsStandalone target not found
Mono: successfully reloaded assembly
- Finished resetting the current domain, in  0.598 seconds
Domain Reload Profiling: 1384ms
	BeginReloadAssembly (257ms)
		ExecutionOrderSort (0ms)
		DisableScriptedObjects (0ms)
		BackupInstance (0ms)
		ReleaseScriptingObjects (0ms)
		CreateAndSetChildDomain (1ms)
	RebuildCommonClasses (89ms)
	RebuildNativeTypeToScriptingClass (20ms)
	initialDomainReloadingComplete (113ms)
	LoadAllAssembliesAndSetupDomain (307ms)
		LoadAssemblies (252ms)
		RebuildTransferFunctionScriptingTraits (0ms)
		AnalyzeDomain (299ms)
			TypeCache.Refresh (297ms)
				TypeCache.ScanAssembly (266ms)
			ScanForSourceGeneratedMonoScriptInfo (1ms)
			ResolveRequiredComponents (1ms)
	FinalizeReload (598ms)
		ReleaseScriptCaches (0ms)
		RebuildScriptCaches (0ms)
		SetupLoadedEditorAssemblies (454ms)
			LogAssemblyErrors (0ms)
			InitializePlatformSupportModulesInManaged (18ms)
			SetLoadedEditorAssemblies (17ms)
			RefreshPlugins (0ms)
			BeforeProcessingInitializeOnLoad (5ms)
			ProcessInitializeOnLoadAttributes (309ms)
			ProcessInitializeOnLoadMethodAttributes (103ms)
			AfterProcessingInitializeOnLoad (0ms)
			EditorAssembliesLoaded (1ms)
		ExecutionOrderSort2 (0ms)
		AwakeInstancesAfterBackupRestoration (0ms)
========================================================================
Worker process is ready to serve import requests
Begin MonoManager ReloadAssembly
Symbol file LoadedFromMemory doesn't match image C:\Users\prett\OneDrive\Documents\code\here\ProjectBH\BulletHell\Library\PackageCache\com.unity.visualscripting@1.8.0\Editor\VisualScripting.Core\Dependencies\YamlDotNet\Unity.VisualScripting.YamlDotNet.dll
Symbol file LoadedFromMemory doesn't match image C:\Users\prett\OneDrive\Documents\code\here\ProjectBH\BulletHell\Library\PackageCache\com.unity.visualscripting@1.8.0\Editor\VisualScripting.Core\Dependencies\DotNetZip\Unity.VisualScripting.IonicZip.dll
- Loaded All Assemblies, in  2.158 seconds
Refreshing native plugins compatible for Editor in 12.39 ms, found 3 plugins.
Native extension for WindowsStandalone target not found
Mono: successfully reloaded assembly
- Finished resetting the current domain, in  1.777 seconds
Domain Reload Profiling: 3926ms
	BeginReloadAssembly (261ms)
		ExecutionOrderSort (0ms)
		DisableScriptedObjects (13ms)
		BackupInstance (0ms)
		ReleaseScriptingObjects (0ms)
		CreateAndSetChildDomain (41ms)
	RebuildCommonClasses (67ms)
	RebuildNativeTypeToScriptingClass (18ms)
	initialDomainReloadingComplete (172ms)
	LoadAllAssembliesAndSetupDomain (1630ms)
		LoadAssemblies (867ms)
		RebuildTransferFunctionScriptingTraits (0ms)
		AnalyzeDomain (883ms)
			TypeCache.Refresh (803ms)
				TypeCache.ScanAssembly (767ms)
			ScanForSourceGeneratedMonoScriptInfo (49ms)
			ResolveRequiredComponents (31ms)
	FinalizeReload (1778ms)
		ReleaseScriptCaches (0ms)
		RebuildScriptCaches (0ms)
		SetupLoadedEditorAssemblies (1224ms)
			LogAssemblyErrors (0ms)
			InitializePlatformSupportModulesInManaged (27ms)
			SetLoadedEditorAssemblies (14ms)
			RefreshPlugins (0ms)
			BeforeProcessingInitializeOnLoad (267ms)
			ProcessInitializeOnLoadAttributes (755ms)
			ProcessInitializeOnLoadMethodAttributes (142ms)
			AfterProcessingInitializeOnLoad (18ms)
			EditorAssembliesLoaded (0ms)
		ExecutionOrderSort2 (0ms)
		AwakeInstancesAfterBackupRestoration (16ms)
Launched and connected shader compiler UnityShaderCompiler.exe after 0.12 seconds
Refreshing native plugins compatible for Editor in 20.12 ms, found 3 plugins.
Preloading 0 native plugins for Editor in 0.00 ms.
Unloading 5401 Unused Serialized files (Serialized files now loaded: 0)
Unloading 86 unused Assets / (0.8 MB). Loaded Objects now: 5855.
Memory consumption went from 220.1 MB to 219.3 MB.
Total: 13.757700 ms (FindLiveObjects: 0.941800 ms CreateObjectMapping: 0.925000 ms MarkObjects: 9.295500 ms  DeleteObjects: 2.593400 ms)

AssetImportParameters requested are different than current active one (requested -> active):
  custom:container-demuxer-ogg: 62fdf1f143b41e24485cea50d1cbac27 -> 
  custom:video-decoder-ogg-theora: a1e56fd34408186e4bbccfd4996cb3dc -> 
  custom:framework-win-MediaFoundation: 216162199b28c13a410421893ffa2e32 -> 
  custom:CustomObjectIndexerAttribute: a3ef5dd2817f97addfee359851a9dba5 -> 
  custom:container-demuxer-webm: 4f35f7cbe854078d1ac9338744f61a02 -> 
  custom:container-muxer-webm: aa71ff27fc2769a1b78a27578f13a17b -> 
  custom:video-decoder-webm-vp8: 9c59270c3fd7afecdb556c50c9e8de78 -> 
  custom:AudioImporter_EditorPlatform: d09bf68614088b80899f8185d706f6e7 -> 
  custom:video-encoder-webm-vp8: eb34c28f22e8b96e1ab97ce403110664 -> 
  custom:audio-decoder-ogg-vorbis: bf7c407c2cedff20999df2af8eb42d56 -> 
  custom:audio-encoder-webm-vorbis: bf7c407c2cedff20999df2af8eb42d56 -> 
========================================================================
Received Import Request.
  Time since last request: 255981.084878 seconds.
  path: Assets/Prefabs
  artifactKey: Guid(1428212e876ccf34ba55274ade461ca6) Importer(815301076,1909f56bfc062723c751e8b465ee728b)
Start importing Assets/Prefabs using Guid(1428212e876ccf34ba55274ade461ca6) Importer(815301076,1909f56bfc062723c751e8b465ee728b)  -> (artifact id: 'f5497ad60eb33a5dcd1d0aa3e813258e') in 0.026509 seconds
Number of updated asset objects reloaded before import = 0
Number of asset objects unloaded after import = 0
========================================================================
Received Import Request.
  Time since last request: 0.000103 seconds.
  path: Assets/Import
  artifactKey: Guid(6df7939f37b98174c9dd02e9f946ffdb) Importer(815301076,1909f56bfc062723c751e8b465ee728b)
Start importing Assets/Import using Guid(6df7939f37b98174c9dd02e9f946ffdb) Importer(815301076,1909f56bfc062723c751e8b465ee728b)  -> (artifact id: 'affcacac528d2abefbc6dd29a42b820c') in 0.001306 seconds
Number of updated asset objects reloaded before import = 0
Number of asset objects unloaded after import = 0
========================================================================
Received Import Request.
  Time since last request: 4.671266 seconds.
  path: Assets/Prefabs/BT-7274 sketch.fbx
  artifactKey: Guid(0eaf4b15b2eb1c54db641aaffbb46989) Importer(815301076,1909f56bfc062723c751e8b465ee728b)
Start importing Assets/Prefabs/BT-7274 sketch.fbx using Guid(0eaf4b15b2eb1c54db641aaffbb46989) Importer(815301076,1909f56bfc062723c751e8b465ee728b)  -> (artifact id: 'f3b45b914c99e2630c99807069244111') in 0.031524 seconds
Number of updated asset objects reloaded before import = 0
Number of asset objects unloaded after import = 530
========================================================================
Received Import Request.
  Time since last request: 355.936425 seconds.
  path: Assets/bt-pictures/bt-materials/bt_a_all.mat
  artifactKey: Guid(9b4c03beb2f0e744997e830c97028e55) Importer(815301076,1909f56bfc062723c751e8b465ee728b)
Start importing Assets/bt-pictures/bt-materials/bt_a_all.mat using Guid(9b4c03beb2f0e744997e830c97028e55) Importer(815301076,1909f56bfc062723c751e8b465ee728b)  -> (artifact id: '39ea71e1c8da484cdb0a2f1f402364e0') in 0.066765 seconds
Number of updated asset objects reloaded before import = 0
Number of asset objects unloaded after import = 1
========================================================================
Received Import Request.
  Time since last request: 10.129879 seconds.
  path: Assets/bt-pictures/bt-materials/BT_a_all.mat
  artifactKey: Guid(9b4c03beb2f0e744997e830c97028e55) Importer(815301076,1909f56bfc062723c751e8b465ee728b)
Start importing Assets/bt-pictures/bt-materials/BT_a_all.mat using Guid(9b4c03beb2f0e744997e830c97028e55) Importer(815301076,1909f56bfc062723c751e8b465ee728b)  -> (artifact id: '3569cb4536023e78f48a6e996f99c077') in 0.001370 seconds
Number of updated asset objects reloaded before import = 0
Number of asset objects unloaded after import = 1
========================================================================
Received Import Request.
  Time since last request: 17.650285 seconds.
  path: Assets/Import/BT-7274/textures/t_cockpit_atlas_01_diffuse_6.png
  artifactKey: Guid(b9152ca9852159348ae20192d3f27123) Importer(815301076,1909f56bfc062723c751e8b465ee728b)
Start importing Assets/Import/BT-7274/textures/t_cockpit_atlas_01_diffuse_6.png using Guid(b9152ca9852159348ae20192d3f27123) Importer(815301076,1909f56bfc062723c751e8b465ee728b)  -> (artifact id: 'cb5eca9a576e9e6414d3fa07d8bf897b') in 0.070372 seconds
Number of updated asset objects reloaded before import = 0
Number of asset objects unloaded after import = 1
========================================================================
Received Import Request.
  Time since last request: 0.000033 seconds.
  path: Assets/Import/BT-7274/textures/t_cockpit_atlas_01_normal_8.png
  artifactKey: Guid(1efcff5e4365235458d5e74a6e065b7b) Importer(815301076,1909f56bfc062723c751e8b465ee728b)
Start importing Assets/Import/BT-7274/textures/t_cockpit_atlas_01_normal_8.png using Guid(1efcff5e4365235458d5e74a6e065b7b) Importer(815301076,1909f56bfc062723c751e8b465ee728b)  -> (artifact id: '01d93cfd77d96ab5af6bfd9212b48530') in 0.047121 seconds
Number of updated asset objects reloaded before import = 0
Number of asset objects unloaded after import = 1
========================================================================
Received Import Request.
  Time since last request: 45.041537 seconds.
  path: Assets/Import/BT-7274/textures
  artifactKey: Guid(d74ecdd603c2f5f42bafdfdd852e9180) Importer(815301076,1909f56bfc062723c751e8b465ee728b)
Start importing Assets/Import/BT-7274/textures using Guid(d74ecdd603c2f5f42bafdfdd852e9180) Importer(815301076,1909f56bfc062723c751e8b465ee728b)  -> (artifact id: 'f15c140350d3b8f2bf64058280271164') in 0.005731 seconds
Number of updated asset objects reloaded before import = 0
Number of asset objects unloaded after import = 0
========================================================================
Received Import Request.
  Time since last request: 23.220195 seconds.
  path: Assets/Import/BT-7274/textures/New Material.mat
  artifactKey: Guid(fd72a15a902f05149a1c7253706451ec) Importer(815301076,1909f56bfc062723c751e8b465ee728b)
Start importing Assets/Import/BT-7274/textures/New Material.mat using Guid(fd72a15a902f05149a1c7253706451ec) Importer(815301076,1909f56bfc062723c751e8b465ee728b)  -> (artifact id: '90a332791eb4aea6c721dcf2176a039c') in 0.006142 seconds
Number of updated asset objects reloaded before import = 0
Number of asset objects unloaded after import = 1
========================================================================
Received Import Request.
  Time since last request: 148.380758 seconds.
  path: Assets/BT_a_all_diffuse_0.png
  artifactKey: Guid(7b709d767b88bdc4c89c53ab2afe125a) Importer(815301076,1909f56bfc062723c751e8b465ee728b)
Start importing Assets/BT_a_all_diffuse_0.png using Guid(7b709d767b88bdc4c89c53ab2afe125a) Importer(815301076,1909f56bfc062723c751e8b465ee728b)  -> (artifact id: '79b1caacc24efe1ff52877c2df396c3a') in 0.119600 seconds
Number of updated asset objects reloaded before import = 0
Number of asset objects unloaded after import = 1
========================================================================
Received Import Request.
  Time since last request: 32.698647 seconds.
  path: Assets/Import/BT-7274/meshes/bt_7274_titan_buddy_buddy_titan_back_lod0_BT_a_all_0_16_0.asset
  artifactKey: Guid(ae89050853c74014dbff2cd72ed0128e) Importer(815301076,1909f56bfc062723c751e8b465ee728b)
Start importing Assets/Import/BT-7274/meshes/bt_7274_titan_buddy_buddy_titan_back_lod0_BT_a_all_0_16_0.asset using Guid(ae89050853c74014dbff2cd72ed0128e) Importer(815301076,1909f56bfc062723c751e8b465ee728b)  -> (artifact id: '458e61d1cd660c59e8daae476adbe15d') in 0.160171 seconds
Number of updated asset objects reloaded before import = 0
Number of asset objects unloaded after import = 1
========================================================================
Received Import Request.
  Time since last request: 0.000042 seconds.
  path: Assets/Import/BT-7274/meshes/bt_7274_titan_buddy_buddy_titan_hatch_lod0_t_cockpit_atlas_01_0_12_0.asset
  artifactKey: Guid(067d4b030aa3abe4ca1a76963628461c) Importer(815301076,1909f56bfc062723c751e8b465ee728b)
Start importing Assets/Import/BT-7274/meshes/bt_7274_titan_buddy_buddy_titan_hatch_lod0_t_cockpit_atlas_01_0_12_0.asset using Guid(067d4b030aa3abe4ca1a76963628461c) Importer(815301076,1909f56bfc062723c751e8b465ee728b)  -> (artifact id: '3efd1cf1b58936d6f8d0431cb8958181') in 0.008573 seconds
Number of updated asset objects reloaded before import = 0
Number of asset objects unloaded after import = 1
========================================================================
Received Import Request.
  Time since last request: 0.000056 seconds.
  path: Assets/Import/BT-7274/meshes/bt_7274_titan_buddy_buddy_titan_hip_lod0_BT_a_all_0_6_0.asset
  artifactKey: Guid(db3a294292b8e3d4baba5d41d3591001) Importer(815301076,1909f56bfc062723c751e8b465ee728b)
Start importing Assets/Import/BT-7274/meshes/bt_7274_titan_buddy_buddy_titan_hip_lod0_BT_a_all_0_6_0.asset using Guid(db3a294292b8e3d4baba5d41d3591001) Importer(815301076,1909f56bfc062723c751e8b465ee728b)  -> (artifact id: '9e0b1dd3b7db798dd61c8c388f78edbe') in 0.026549 seconds
Number of updated asset objects reloaded before import = 0
Number of asset objects unloaded after import = 1
========================================================================
Received Import Request.
  Time since last request: 0.000108 seconds.
  path: Assets/Import/BT-7274/meshes/Plane_Material_0_0_0.asset
  artifactKey: Guid(b1487f15696f99543a960b4e96026e42) Importer(815301076,1909f56bfc062723c751e8b465ee728b)
Start importing Assets/Import/BT-7274/meshes/Plane_Material_0_0_0.asset using Guid(b1487f15696f99543a960b4e96026e42) Importer(815301076,1909f56bfc062723c751e8b465ee728b)  -> (artifact id: '6837b5c73516bcd65e33b3b62e6a665b') in 0.003571 seconds
Number of updated asset objects reloaded before import = 0
Number of asset objects unloaded after import = 1
========================================================================
Received Import Request.
  Time since last request: 0.000037 seconds.
  path: Assets/Import/BT-7274/meshes/bt_7274_titan_buddy_buddy_titan_l_arm_lod0_BT_a_all_0_5_0.asset
  artifactKey: Guid(1cabf0082c238e34eacfba7b7df86185) Importer(815301076,1909f56bfc062723c751e8b465ee728b)
Start importing Assets/Import/BT-7274/meshes/bt_7274_titan_buddy_buddy_titan_l_arm_lod0_BT_a_all_0_5_0.asset using Guid(1cabf0082c238e34eacfba7b7df86185) Importer(815301076,1909f56bfc062723c751e8b465ee728b)  -> (artifact id: 'c8fcb097360ad1e83ada191fd60f9695') in 0.018488 seconds
Number of updated asset objects reloaded before import = 0
Number of asset objects unloaded after import = 1
========================================================================
Received Import Request.
  Time since last request: 0.002252 seconds.
  path: Assets/Import/BT-7274/meshes/bt_7274_titan_buddy_buddy_titan_r_leg_lod0_BT_decal_02_0_2_0.asset
  artifactKey: Guid(3c589229d2273c64eacb2215a1016b95) Importer(815301076,1909f56bfc062723c751e8b465ee728b)
Start importing Assets/Import/BT-7274/meshes/bt_7274_titan_buddy_buddy_titan_r_leg_lod0_BT_decal_02_0_2_0.asset using Guid(3c589229d2273c64eacb2215a1016b95) Importer(815301076,1909f56bfc062723c751e8b465ee728b)  -> (artifact id: '8f110f1a0432fce4cd5405ad9f84650d') in 0.004250 seconds
Number of updated asset objects reloaded before import = 0
Number of asset objects unloaded after import = 1
========================================================================
Received Import Request.
  Time since last request: 0.000023 seconds.
  path: Assets/Import/BT-7274/meshes/bt_7274_titan_buddy_buddy_titan_hatch_lod0_BT_decal_0_13_0.asset
  artifactKey: Guid(da6c7e8a1cab54e4f9383cfdf28599e2) Importer(815301076,1909f56bfc062723c751e8b465ee728b)
Start importing Assets/Import/BT-7274/meshes/bt_7274_titan_buddy_buddy_titan_hatch_lod0_BT_decal_0_13_0.asset using Guid(da6c7e8a1cab54e4f9383cfdf28599e2) Importer(815301076,1909f56bfc062723c751e8b465ee728b)  -> (artifact id: 'b3ecf1b2ba9cef969a1e2ab3e454cc2a') in 0.005308 seconds
Number of updated asset objects reloaded before import = 0
Number of asset objects unloaded after import = 1
========================================================================
Received Import Request.
  Time since last request: 0.000021 seconds.
  path: Assets/Import/BT-7274/meshes/bt_7274_titan_buddy_buddy_titan_r_arm_lod0_BT_a_all_0_3_0.asset
  artifactKey: Guid(b6426e1f779871a47a75b7d22c0b8a5b) Importer(815301076,1909f56bfc062723c751e8b465ee728b)
Start importing Assets/Import/BT-7274/meshes/bt_7274_titan_buddy_buddy_titan_r_arm_lod0_BT_a_all_0_3_0.asset using Guid(b6426e1f779871a47a75b7d22c0b8a5b) Importer(815301076,1909f56bfc062723c751e8b465ee728b)  -> (artifact id: '09d7958e4607786907bf730736450375') in 0.015696 seconds
Number of updated asset objects reloaded before import = 0
Number of asset objects unloaded after import = 1
========================================================================
Received Import Request.
  Time since last request: 0.000364 seconds.
  path: Assets/Import/BT-7274/meshes/bt_7274_titan_buddy_buddy_titan_front_lod0_BT_decal_02_0_9_0.asset
  artifactKey: Guid(f45e2a30a3579b04ca00410e6b2486d7) Importer(815301076,1909f56bfc062723c751e8b465ee728b)
Start importing Assets/Import/BT-7274/meshes/bt_7274_titan_buddy_buddy_titan_front_lod0_BT_decal_02_0_9_0.asset using Guid(f45e2a30a3579b04ca00410e6b2486d7) Importer(815301076,1909f56bfc062723c751e8b465ee728b)  -> (artifact id: '2c962210410aa4ec6e01f06d0476df12') in 0.004442 seconds
Number of updated asset objects reloaded before import = 0
Number of asset objects unloaded after import = 1
========================================================================
Received Import Request.
  Time since last request: 0.000026 seconds.
  path: Assets/Import/BT-7274/meshes/bt_7274_titan_buddy_buddy_titan_r_leg_lod0_BT_a_all_0_1_0.asset
  artifactKey: Guid(d75e02893ab9f1340b1eabdadb5da812) Importer(815301076,1909f56bfc062723c751e8b465ee728b)
Start importing Assets/Import/BT-7274/meshes/bt_7274_titan_buddy_buddy_titan_r_leg_lod0_BT_a_all_0_1_0.asset using Guid(d75e02893ab9f1340b1eabdadb5da812) Importer(815301076,1909f56bfc062723c751e8b465ee728b)  -> (artifact id: 'a03032d6de7ea1b7ad4d4143158262f4') in 0.016193 seconds
Number of updated asset objects reloaded before import = 0
Number of asset objects unloaded after import = 1
========================================================================
Received Import Request.
  Time since last request: 0.000027 seconds.
  path: Assets/Import/BT-7274/textures/New Material.mat
  artifactKey: Guid(fd72a15a902f05149a1c7253706451ec) Importer(815301076,1909f56bfc062723c751e8b465ee728b)
Start importing Assets/Import/BT-7274/textures/New Material.mat using Guid(fd72a15a902f05149a1c7253706451ec) Importer(815301076,1909f56bfc062723c751e8b465ee728b)  -> (artifact id: '6003bc49d97ef3cdbc8628f3cfef08ef') in 0.005392 seconds
Number of updated asset objects reloaded before import = 0
Number of asset objects unloaded after import = 1
Editor requested this worker to shutdown with reason: Scaling down because of idle timeout
TcpMessagingSession - receive error: operation aborted. errorcode: 995, details: The I/O operation has been aborted because of either a thread exit or an application request.
AssetImportWorker is now disconnected from the server
Process exiting
Exiting without the bug reporter. Application will terminate with return code 0