Using pre-set license
Built from '2022.3/staging' branch; Version is '2022.3.4f1 (35713cd46cd7) revision 3502396'; Using compiler version '192829333'; Build Type 'Release'
OS: 'Windows 11  (10.0.26100) 64bit Professional' Language: 'en' Physical Memory: 7980 MB
BatchMode: 1, IsHumanControllingUs: 0, StartBugReporterOnCrash: 0, Is64bit: 1, IsPro: 1

COMMAND LINE ARGUMENTS:
C:\Program Files\Unity\Hub\Editor\2022.3.4f1\Editor\Unity.exe
-adb2
-batchMode
-noUpm
-name
AssetImportWorker2
-projectPath
C:/Users/prett/OneDrive/Documents/code/here/ProjectBH/BulletHell
-logFile
Logs/AssetImportWorker2.log
-srvPort
63917
Successfully changed project path to: C:/Users/prett/OneDrive/Documents/code/here/ProjectBH/BulletHell
C:/Users/prett/OneDrive/Documents/code/here/ProjectBH/BulletHell
[UnityMemory] Configuration Parameters - Can be set up in boot.config
    "memorysetup-bucket-allocator-granularity=16"
    "memorysetup-bucket-allocator-bucket-count=8"
    "memorysetup-bucket-allocator-block-size=33554432"
    "memorysetup-bucket-allocator-block-count=8"
    "memorysetup-main-allocator-block-size=16777216"
    "memorysetup-thread-allocator-block-size=16777216"
    "memorysetup-gfx-main-allocator-block-size=16777216"
    "memorysetup-gfx-thread-allocator-block-size=16777216"
    "memorysetup-cache-allocator-block-size=4194304"
    "memorysetup-typetree-allocator-block-size=2097152"
    "memorysetup-profiler-bucket-allocator-granularity=16"
    "memorysetup-profiler-bucket-allocator-bucket-count=8"
    "memorysetup-profiler-bucket-allocator-block-size=33554432"
    "memorysetup-profiler-bucket-allocator-block-count=8"
    "memorysetup-profiler-allocator-block-size=16777216"
    "memorysetup-profiler-editor-allocator-block-size=1048576"
    "memorysetup-temp-allocator-size-main=16777216"
    "memorysetup-job-temp-allocator-block-size=2097152"
    "memorysetup-job-temp-allocator-block-size-background=1048576"
    "memorysetup-job-temp-allocator-reduction-small-platforms=262144"
    "memorysetup-allocator-temp-initial-block-size-main=262144"
    "memorysetup-allocator-temp-initial-block-size-worker=262144"
    "memorysetup-temp-allocator-size-background-worker=32768"
    "memorysetup-temp-allocator-size-job-worker=262144"
    "memorysetup-temp-allocator-size-preload-manager=33554432"
    "memorysetup-temp-allocator-size-nav-mesh-worker=65536"
    "memorysetup-temp-allocator-size-audio-worker=65536"
    "memorysetup-temp-allocator-size-cloud-worker=32768"
    "memorysetup-temp-allocator-size-gi-baking-worker=262144"
    "memorysetup-temp-allocator-size-gfx=262144"
Player connection [29928] Host "[IP] 192.168.56.1 [Port] 0 [Flags] 2 [Guid] 563726038 [EditorId] 563726038 [Version] 1048832 [Id] WindowsEditor(7,Kawaii) [Debug] 1 [PackageName] WindowsEditor [ProjectName] Editor" joined multi-casting on [225.0.0.222:54997]...

Player connection [29928] Host "[IP] 192.168.56.1 [Port] 0 [Flags] 2 [Guid] 563726038 [EditorId] 563726038 [Version] 1048832 [Id] WindowsEditor(7,Kawaii) [Debug] 1 [PackageName] WindowsEditor [ProjectName] Editor" joined alternative multi-casting on [225.0.0.222:34997]...

Refreshing native plugins compatible for Editor in 374.49 ms, found 3 plugins.
Preloading 0 native plugins for Editor in 0.00 ms.
Initialize engine version: 2022.3.4f1 (35713cd46cd7)
[Subsystems] Discovering subsystems at path C:/Program Files/Unity/Hub/Editor/2022.3.4f1/Editor/Data/Resources/UnitySubsystems
[Subsystems] Discovering subsystems at path C:/Users/prett/OneDrive/Documents/code/here/ProjectBH/BulletHell/Assets
GfxDevice: creating device client; threaded=0; jobified=0
Direct3D:
    Version:  Direct3D 11.0 [level 11.1]
    Renderer: Intel(R) Iris(R) Plus Graphics (ID=0x8a5a)
    Vendor:   Intel
    VRAM:     3990 MB
    Driver:   30.0.100.9805
Initialize mono
Mono path[0] = 'C:/Program Files/Unity/Hub/Editor/2022.3.4f1/Editor/Data/Managed'
Mono path[1] = 'C:/Program Files/Unity/Hub/Editor/2022.3.4f1/Editor/Data/MonoBleedingEdge/lib/mono/unityjit-win32'
Mono config path = 'C:/Program Files/Unity/Hub/Editor/2022.3.4f1/Editor/Data/MonoBleedingEdge/etc'
Using monoOptions --debugger-agent=transport=dt_socket,embedding=1,server=y,suspend=n,address=127.0.0.1:56508
Begin MonoManager ReloadAssembly
Registering precompiled unity dll's ...
Register platform support module: C:/Program Files/Unity/Hub/Editor/2022.3.4f1/Editor/Data/PlaybackEngines/WindowsStandaloneSupport/UnityEditor.WindowsStandalone.Extensions.dll
Registered in 0.012857 seconds.
- Loaded All Assemblies, in  1.795 seconds
Native extension for WindowsStandalone target not found
Mono: successfully reloaded assembly
- Finished resetting the current domain, in  0.471 seconds
Domain Reload Profiling: 2264ms
	BeginReloadAssembly (200ms)
		ExecutionOrderSort (0ms)
		DisableScriptedObjects (0ms)
		BackupInstance (0ms)
		ReleaseScriptingObjects (0ms)
		CreateAndSetChildDomain (4ms)
	RebuildCommonClasses (699ms)
	RebuildNativeTypeToScriptingClass (16ms)
	initialDomainReloadingComplete (101ms)
	LoadAllAssembliesAndSetupDomain (776ms)
		LoadAssemblies (192ms)
		RebuildTransferFunctionScriptingTraits (0ms)
		AnalyzeDomain (768ms)
			TypeCache.Refresh (767ms)
				TypeCache.ScanAssembly (748ms)
			ScanForSourceGeneratedMonoScriptInfo (0ms)
			ResolveRequiredComponents (1ms)
	FinalizeReload (472ms)
		ReleaseScriptCaches (0ms)
		RebuildScriptCaches (0ms)
		SetupLoadedEditorAssemblies (358ms)
			LogAssemblyErrors (0ms)
			InitializePlatformSupportModulesInManaged (17ms)
			SetLoadedEditorAssemblies (11ms)
			RefreshPlugins (0ms)
			BeforeProcessingInitializeOnLoad (3ms)
			ProcessInitializeOnLoadAttributes (228ms)
			ProcessInitializeOnLoadMethodAttributes (99ms)
			AfterProcessingInitializeOnLoad (0ms)
			EditorAssembliesLoaded (0ms)
		ExecutionOrderSort2 (0ms)
		AwakeInstancesAfterBackupRestoration (0ms)
========================================================================
Worker process is ready to serve import requests
Begin MonoManager ReloadAssembly
Symbol file LoadedFromMemory doesn't match image C:\Users\prett\OneDrive\Documents\code\here\ProjectBH\BulletHell\Library\PackageCache\com.unity.visualscripting@1.8.0\Editor\VisualScripting.Core\Dependencies\YamlDotNet\Unity.VisualScripting.YamlDotNet.dll
Symbol file LoadedFromMemory doesn't match image C:\Users\prett\OneDrive\Documents\code\here\ProjectBH\BulletHell\Library\PackageCache\com.unity.visualscripting@1.8.0\Editor\VisualScripting.Core\Dependencies\DotNetZip\Unity.VisualScripting.IonicZip.dll
- Loaded All Assemblies, in  1.361 seconds
Refreshing native plugins compatible for Editor in 7.22 ms, found 3 plugins.
Native extension for WindowsStandalone target not found
Mono: successfully reloaded assembly
- Finished resetting the current domain, in  0.930 seconds
Domain Reload Profiling: 2283ms
	BeginReloadAssembly (163ms)
		ExecutionOrderSort (0ms)
		DisableScriptedObjects (8ms)
		BackupInstance (0ms)
		ReleaseScriptingObjects (0ms)
		CreateAndSetChildDomain (26ms)
	RebuildCommonClasses (43ms)
	RebuildNativeTypeToScriptingClass (12ms)
	initialDomainReloadingComplete (95ms)
	LoadAllAssembliesAndSetupDomain (1040ms)
		LoadAssemblies (656ms)
		RebuildTransferFunctionScriptingTraits (0ms)
		AnalyzeDomain (453ms)
			TypeCache.Refresh (410ms)
				TypeCache.ScanAssembly (394ms)
			ScanForSourceGeneratedMonoScriptInfo (30ms)
			ResolveRequiredComponents (12ms)
	FinalizeReload (931ms)
		ReleaseScriptCaches (0ms)
		RebuildScriptCaches (0ms)
		SetupLoadedEditorAssemblies (712ms)
			LogAssemblyErrors (0ms)
			InitializePlatformSupportModulesInManaged (7ms)
			SetLoadedEditorAssemblies (4ms)
			RefreshPlugins (0ms)
			BeforeProcessingInitializeOnLoad (122ms)
			ProcessInitializeOnLoadAttributes (471ms)
			ProcessInitializeOnLoadMethodAttributes (99ms)
			AfterProcessingInitializeOnLoad (9ms)
			EditorAssembliesLoaded (0ms)
		ExecutionOrderSort2 (0ms)
		AwakeInstancesAfterBackupRestoration (12ms)
Launched and connected shader compiler UnityShaderCompiler.exe after 0.09 seconds
Refreshing native plugins compatible for Editor in 14.20 ms, found 3 plugins.
Preloading 0 native plugins for Editor in 0.00 ms.
Unloading 5351 Unused Serialized files (Serialized files now loaded: 0)
Unloading 86 unused Assets / (0.8 MB). Loaded Objects now: 5805.
Memory consumption went from 215.3 MB to 214.5 MB.
Total: 16.452100 ms (FindLiveObjects: 3.411200 ms CreateObjectMapping: 0.929300 ms MarkObjects: 10.106500 ms  DeleteObjects: 2.002500 ms)

AssetImportParameters requested are different than current active one (requested -> active):
  custom:container-demuxer-ogg: 62fdf1f143b41e24485cea50d1cbac27 -> 
  custom:video-decoder-ogg-theora: a1e56fd34408186e4bbccfd4996cb3dc -> 
  custom:framework-win-MediaFoundation: 216162199b28c13a410421893ffa2e32 -> 
  custom:CustomObjectIndexerAttribute: a3ef5dd2817f97addfee359851a9dba5 -> 
  custom:container-demuxer-webm: 4f35f7cbe854078d1ac9338744f61a02 -> 
  custom:scripting/monoscript/fileName/melee.cs: cf4a322d8a84b3a0936c895ec7362384 -> 
  custom:container-muxer-webm: aa71ff27fc2769a1b78a27578f13a17b -> 
  custom:video-decoder-webm-vp8: 9c59270c3fd7afecdb556c50c9e8de78 -> 
  custom:AudioImporter_EditorPlatform: d09bf68614088b80899f8185d706f6e7 -> 
  custom:scripting/monoscript/fileName/grapple.cs: 35f4cc7186deb27882c40305ab81b6aa -> 
  custom:video-encoder-webm-vp8: eb34c28f22e8b96e1ab97ce403110664 -> 
  custom:audio-decoder-ogg-vorbis: bf7c407c2cedff20999df2af8eb42d56 -> 
  custom:audio-encoder-webm-vorbis: bf7c407c2cedff20999df2af8eb42d56 -> 
========================================================================
Received Import Request.
  Time since last request: 159262.424007 seconds.
  path: Assets/bt-pictures/bt-materials
  artifactKey: Guid(ac1906dc0a6db284b81ffd0a46f2506c) Importer(815301076,1909f56bfc062723c751e8b465ee728b)
Start importing Assets/bt-pictures/bt-materials using Guid(ac1906dc0a6db284b81ffd0a46f2506c) Importer(815301076,1909f56bfc062723c751e8b465ee728b)  -> (artifact id: '628abda190a5461ed6e31aee5b5e075b') in 0.003678 seconds
Number of updated asset objects reloaded before import = 0
Number of asset objects unloaded after import = 0
========================================================================
Received Import Request.
  Time since last request: 9.403368 seconds.
  path: Assets/bt-pictures/bt-materials/New Material.mat
  artifactKey: Guid(9b4c03beb2f0e744997e830c97028e55) Importer(815301076,1909f56bfc062723c751e8b465ee728b)
Start importing Assets/bt-pictures/bt-materials/New Material.mat using Guid(9b4c03beb2f0e744997e830c97028e55) Importer(815301076,1909f56bfc062723c751e8b465ee728b)  -> (artifact id: 'a3033fd5d81472a7020e78ffd6abc1f4') in 0.002860 seconds
Number of updated asset objects reloaded before import = 0
Number of asset objects unloaded after import = 1
========================================================================
Received Import Request.
  Time since last request: 10.622884 seconds.
  path: Assets/bt-pictures/bt-materials/New Material 1.mat
  artifactKey: Guid(f2a56b5bb14b7c24586c91d8eb12c52a) Importer(815301076,1909f56bfc062723c751e8b465ee728b)
Start importing Assets/bt-pictures/bt-materials/New Material 1.mat using Guid(f2a56b5bb14b7c24586c91d8eb12c52a) Importer(815301076,1909f56bfc062723c751e8b465ee728b)  -> (artifact id: '36a4b462261663bc7ab9f39cf17b2595') in 0.004129 seconds
Number of updated asset objects reloaded before import = 0
Number of asset objects unloaded after import = 1
========================================================================
Received Import Request.
  Time since last request: 0.616582 seconds.
  path: Assets/bt-pictures/bt-materials/New Material 2.mat
  artifactKey: Guid(ac60cda65bb6a8d46b446d510e41bda8) Importer(815301076,1909f56bfc062723c751e8b465ee728b)
Start importing Assets/bt-pictures/bt-materials/New Material 2.mat using Guid(ac60cda65bb6a8d46b446d510e41bda8) Importer(815301076,1909f56bfc062723c751e8b465ee728b)  -> (artifact id: '26d9c806e27fb854f68910fa1a6ff0be') in 0.001739 seconds
Number of updated asset objects reloaded before import = 0
Number of asset objects unloaded after import = 1
========================================================================
Received Import Request.
  Time since last request: 0.450014 seconds.
  path: Assets/bt-pictures/bt-materials/New Material 3.mat
  artifactKey: Guid(e9a6e48bb5efb714e992480131900311) Importer(815301076,1909f56bfc062723c751e8b465ee728b)
Start importing Assets/bt-pictures/bt-materials/New Material 3.mat using Guid(e9a6e48bb5efb714e992480131900311) Importer(815301076,1909f56bfc062723c751e8b465ee728b)  -> (artifact id: 'd3b5f7bbf9f65327ed1474cb174460a4') in 0.002071 seconds
Number of updated asset objects reloaded before import = 0
Number of asset objects unloaded after import = 1
========================================================================
Received Import Request.
  Time since last request: 0.442476 seconds.
  path: Assets/bt-pictures/bt-materials/New Material 4.mat
  artifactKey: Guid(b3dab5c94dea6024492ccf7acafc0f2d) Importer(815301076,1909f56bfc062723c751e8b465ee728b)
Start importing Assets/bt-pictures/bt-materials/New Material 4.mat using Guid(b3dab5c94dea6024492ccf7acafc0f2d) Importer(815301076,1909f56bfc062723c751e8b465ee728b)  -> (artifact id: 'd388fc14bba504db3b4d0cb4256b6e8f') in 0.004742 seconds
Number of updated asset objects reloaded before import = 0
Number of asset objects unloaded after import = 1
========================================================================
Received Import Request.
  Time since last request: 0.864446 seconds.
  path: Assets/bt-pictures/bt-materials/New Material 5.mat
  artifactKey: Guid(a7bf198cb56a0d4489c173ccba7984db) Importer(815301076,1909f56bfc062723c751e8b465ee728b)
Start importing Assets/bt-pictures/bt-materials/New Material 5.mat using Guid(a7bf198cb56a0d4489c173ccba7984db) Importer(815301076,1909f56bfc062723c751e8b465ee728b)  -> (artifact id: '771f7bdfd93f5c0c254d692aad32cc3e') in 0.001560 seconds
Number of updated asset objects reloaded before import = 0
Number of asset objects unloaded after import = 1
========================================================================
Received Import Request.
  Time since last request: 0.412870 seconds.
  path: Assets/bt-pictures/bt-materials/New Material 6.mat
  artifactKey: Guid(0cd8fb65a1a5cb648b649d37f25663cf) Importer(815301076,1909f56bfc062723c751e8b465ee728b)
Start importing Assets/bt-pictures/bt-materials/New Material 6.mat using Guid(0cd8fb65a1a5cb648b649d37f25663cf) Importer(815301076,1909f56bfc062723c751e8b465ee728b)  -> (artifact id: '74dcd525eac57d9626fe902d42119f4e') in 0.001347 seconds
Number of updated asset objects reloaded before import = 0
Number of asset objects unloaded after import = 1
========================================================================
Received Import Request.
  Time since last request: 0.449344 seconds.
  path: Assets/bt-pictures/bt-materials/New Material 7.mat
  artifactKey: Guid(da42e5e33326991428701dc4e530256a) Importer(815301076,1909f56bfc062723c751e8b465ee728b)
Start importing Assets/bt-pictures/bt-materials/New Material 7.mat using Guid(da42e5e33326991428701dc4e530256a) Importer(815301076,1909f56bfc062723c751e8b465ee728b)  -> (artifact id: '9d471f17d74af78bfc9048bd37922405') in 0.002220 seconds
Number of updated asset objects reloaded before import = 0
Number of asset objects unloaded after import = 1
========================================================================
Received Import Request.
  Time since last request: 0.434976 seconds.
  path: Assets/bt-pictures/bt-materials/New Material 8.mat
  artifactKey: Guid(666e15d919e69134ba613aefa9eeb433) Importer(815301076,1909f56bfc062723c751e8b465ee728b)
Start importing Assets/bt-pictures/bt-materials/New Material 8.mat using Guid(666e15d919e69134ba613aefa9eeb433) Importer(815301076,1909f56bfc062723c751e8b465ee728b)  -> (artifact id: 'c7323594b1c5e045cc875e1b2a43e45b') in 0.001355 seconds
Number of updated asset objects reloaded before import = 0
Number of asset objects unloaded after import = 1
========================================================================
Received Import Request.
  Time since last request: 0.432005 seconds.
  path: Assets/bt-pictures/bt-materials/New Material 9.mat
  artifactKey: Guid(22244eb1160ace94c822ed82c25fd82e) Importer(815301076,1909f56bfc062723c751e8b465ee728b)
Start importing Assets/bt-pictures/bt-materials/New Material 9.mat using Guid(22244eb1160ace94c822ed82c25fd82e) Importer(815301076,1909f56bfc062723c751e8b465ee728b)  -> (artifact id: 'ea00b77bf6a66310e20caf8fa5f49a90') in 0.002753 seconds
Number of updated asset objects reloaded before import = 0
Number of asset objects unloaded after import = 1
========================================================================
Received Import Request.
  Time since last request: 42.592749 seconds.
  path: Assets/bt-pictures/bt-materials/New Material.mat
  artifactKey: Guid(9b4c03beb2f0e744997e830c97028e55) Importer(815301076,1909f56bfc062723c751e8b465ee728b)
Start importing Assets/bt-pictures/bt-materials/New Material.mat using Guid(9b4c03beb2f0e744997e830c97028e55) Importer(815301076,1909f56bfc062723c751e8b465ee728b)  -> (artifact id: '6bcbf32b6612f8ac2a40d856d4c24a53') in 0.002910 seconds
Number of updated asset objects reloaded before import = 0
Number of asset objects unloaded after import = 1
========================================================================
Received Import Request.
  Time since last request: 1.312677 seconds.
  path: Assets/bt-pictures/bt-materials/New Material 2.mat
  artifactKey: Guid(9e59932b24732594fb674ef91c884304) Importer(815301076,1909f56bfc062723c751e8b465ee728b)
Start importing Assets/bt-pictures/bt-materials/New Material 2.mat using Guid(9e59932b24732594fb674ef91c884304) Importer(815301076,1909f56bfc062723c751e8b465ee728b)  -> (artifact id: '79c2f678dc1cc60f06cacf1f4f0b00cc') in 0.002029 seconds
Number of updated asset objects reloaded before import = 0
Number of asset objects unloaded after import = 1
========================================================================
Received Import Request.
  Time since last request: 0.439166 seconds.
  path: Assets/bt-pictures/bt-materials/New Material 3.mat
  artifactKey: Guid(c68ae35c7a9fa3740a4be14d68821d35) Importer(815301076,1909f56bfc062723c751e8b465ee728b)
Start importing Assets/bt-pictures/bt-materials/New Material 3.mat using Guid(c68ae35c7a9fa3740a4be14d68821d35) Importer(815301076,1909f56bfc062723c751e8b465ee728b)  -> (artifact id: 'c77fe019cac51b02e033c7a87feedffc') in 0.004837 seconds
Number of updated asset objects reloaded before import = 0
Number of asset objects unloaded after import = 1
========================================================================
Received Import Request.
  Time since last request: 0.501586 seconds.
  path: Assets/bt-pictures/bt-materials/New Material 4.mat
  artifactKey: Guid(bb812f226ad832d4bb6ee83ec9e53a32) Importer(815301076,1909f56bfc062723c751e8b465ee728b)
Start importing Assets/bt-pictures/bt-materials/New Material 4.mat using Guid(bb812f226ad832d4bb6ee83ec9e53a32) Importer(815301076,1909f56bfc062723c751e8b465ee728b)  -> (artifact id: 'c279717b6bd522cdafeea33bad35805f') in 0.001475 seconds
Number of updated asset objects reloaded before import = 0
Number of asset objects unloaded after import = 1
========================================================================
Received Import Request.
  Time since last request: 0.439469 seconds.
  path: Assets/bt-pictures/bt-materials/New Material 5.mat
  artifactKey: Guid(1fb749a8bb209d94d94b44c8acf2c064) Importer(815301076,1909f56bfc062723c751e8b465ee728b)
Start importing Assets/bt-pictures/bt-materials/New Material 5.mat using Guid(1fb749a8bb209d94d94b44c8acf2c064) Importer(815301076,1909f56bfc062723c751e8b465ee728b)  -> (artifact id: 'c764c408d58dba6660b39091260b0bc0') in 0.001748 seconds
Number of updated asset objects reloaded before import = 0
Number of asset objects unloaded after import = 1
========================================================================
Received Import Request.
  Time since last request: 0.420871 seconds.
  path: Assets/bt-pictures/bt-materials/New Material 6.mat
  artifactKey: Guid(c09bc29eacaaf064592410a04f311cfc) Importer(815301076,1909f56bfc062723c751e8b465ee728b)
Start importing Assets/bt-pictures/bt-materials/New Material 6.mat using Guid(c09bc29eacaaf064592410a04f311cfc) Importer(815301076,1909f56bfc062723c751e8b465ee728b)  -> (artifact id: '4a89381f73f33b8ab0dff87d9228191d') in 0.001687 seconds
Number of updated asset objects reloaded before import = 0
Number of asset objects unloaded after import = 1
========================================================================
Received Import Request.
  Time since last request: 0.430297 seconds.
  path: Assets/bt-pictures/bt-materials/New Material 7.mat
  artifactKey: Guid(919eef6395f353f4bab5201cd1e89939) Importer(815301076,1909f56bfc062723c751e8b465ee728b)
Start importing Assets/bt-pictures/bt-materials/New Material 7.mat using Guid(919eef6395f353f4bab5201cd1e89939) Importer(815301076,1909f56bfc062723c751e8b465ee728b)  -> (artifact id: 'a3857a1b47f29b5b205090f0b97370fe') in 0.001615 seconds
Number of updated asset objects reloaded before import = 0
Number of asset objects unloaded after import = 1
========================================================================
Received Import Request.
  Time since last request: 0.413323 seconds.
  path: Assets/bt-pictures/bt-materials/New Material 8.mat
  artifactKey: Guid(26eac48cd38294249b9a1fdcdbe3389f) Importer(815301076,1909f56bfc062723c751e8b465ee728b)
Start importing Assets/bt-pictures/bt-materials/New Material 8.mat using Guid(26eac48cd38294249b9a1fdcdbe3389f) Importer(815301076,1909f56bfc062723c751e8b465ee728b)  -> (artifact id: '38315e4bb43ec721b79180c863fdc1bd') in 0.001289 seconds
Number of updated asset objects reloaded before import = 0
Number of asset objects unloaded after import = 1
========================================================================
Received Import Request.
  Time since last request: 0.389063 seconds.
  path: Assets/bt-pictures/bt-materials/New Material 9.mat
  artifactKey: Guid(dc38f9e6c7256274cbbcb8a4475d44fc) Importer(815301076,1909f56bfc062723c751e8b465ee728b)
Start importing Assets/bt-pictures/bt-materials/New Material 9.mat using Guid(dc38f9e6c7256274cbbcb8a4475d44fc) Importer(815301076,1909f56bfc062723c751e8b465ee728b)  -> (artifact id: '01d4066ce37ca5f813c097332e760f19') in 0.001462 seconds
Number of updated asset objects reloaded before import = 0
Number of asset objects unloaded after import = 1
========================================================================
Received Import Request.
  Time since last request: 13.910231 seconds.
  path: Assets/Import/BT-7274/textures/BT_a_all_diffuse_0.png
  artifactKey: Guid(84252546e56fe6046a62cea799298f33) Importer(815301076,1909f56bfc062723c751e8b465ee728b)
Start importing Assets/Import/BT-7274/textures/BT_a_all_diffuse_0.png using Guid(84252546e56fe6046a62cea799298f33) Importer(815301076,1909f56bfc062723c751e8b465ee728b)  -> (artifact id: '7e78ac7b6ba0472d7349267ae07686ea') in 0.107041 seconds
Number of updated asset objects reloaded before import = 0
Number of asset objects unloaded after import = 1
========================================================================
Received Import Request.
  Time since last request: 0.000031 seconds.
  path: Assets/Import/BT-7274/textures/BT_a_eye_cine_diffuse_9.png
  artifactKey: Guid(5f9be8f0fa830c846b693dfedefecbf1) Importer(815301076,1909f56bfc062723c751e8b465ee728b)
Start importing Assets/Import/BT-7274/textures/BT_a_eye_cine_diffuse_9.png using Guid(5f9be8f0fa830c846b693dfedefecbf1) Importer(815301076,1909f56bfc062723c751e8b465ee728b)  -> (artifact id: 'a2579f9998e19827eda08cac37c0f0a7') in 0.015114 seconds
Number of updated asset objects reloaded before import = 0
Number of asset objects unloaded after import = 1
========================================================================
Received Import Request.
  Time since last request: 0.000084 seconds.
  path: Assets/Import/BT-7274/textures/BT_decal_02_specularGlossiness_5.png
  artifactKey: Guid(80a197a0ea4df314abb8244b2bb1f88e) Importer(815301076,1909f56bfc062723c751e8b465ee728b)
Start importing Assets/Import/BT-7274/textures/BT_decal_02_specularGlossiness_5.png using Guid(80a197a0ea4df314abb8244b2bb1f88e) Importer(815301076,1909f56bfc062723c751e8b465ee728b)  -> (artifact id: '9ace031946b4fa2b8baa00eb6d64e4ae') in 0.008890 seconds
Number of updated asset objects reloaded before import = 0
Number of asset objects unloaded after import = 1
========================================================================
Received Import Request.
  Time since last request: 0.000278 seconds.
  path: Assets/Import/BT-7274/textures/BT_decal_02_diffuse_4.png
  artifactKey: Guid(ab6db74ee73d2ba4ea4d4408f61b786f) Importer(815301076,1909f56bfc062723c751e8b465ee728b)
Start importing Assets/Import/BT-7274/textures/BT_decal_02_diffuse_4.png using Guid(ab6db74ee73d2ba4ea4d4408f61b786f) Importer(815301076,1909f56bfc062723c751e8b465ee728b)  -> (artifact id: '8ab09c1366e69d23baee285cefa77912') in 0.016213 seconds
Number of updated asset objects reloaded before import = 0
Number of asset objects unloaded after import = 1
========================================================================
Received Import Request.
  Time since last request: 0.000448 seconds.
  path: Assets/Import/BT-7274/textures/BT_decal_specularGlossiness_12.png
  artifactKey: Guid(51e86ccd70c734946a4aa3a4e08a15c8) Importer(815301076,1909f56bfc062723c751e8b465ee728b)
Start importing Assets/Import/BT-7274/textures/BT_decal_specularGlossiness_12.png using Guid(51e86ccd70c734946a4aa3a4e08a15c8) Importer(815301076,1909f56bfc062723c751e8b465ee728b)  -> (artifact id: '16080fe30c7cdabd6308e8b58e2623a7') in 0.009154 seconds
Number of updated asset objects reloaded before import = 0
Number of asset objects unloaded after import = 1
========================================================================
Received Import Request.
  Time since last request: 0.000024 seconds.
  path: Assets/Import/BT-7274/textures/BT_a_all_normal_3.png
  artifactKey: Guid(7fcddc95e8dec0d4fba70c6af89f1800) Importer(815301076,1909f56bfc062723c751e8b465ee728b)
Start importing Assets/Import/BT-7274/textures/BT_a_all_normal_3.png using Guid(7fcddc95e8dec0d4fba70c6af89f1800) Importer(815301076,1909f56bfc062723c751e8b465ee728b)  -> (artifact id: '442a9dd5c1182b0ab76fc49ac5c134b2') in 0.061871 seconds
Number of updated asset objects reloaded before import = 0
Number of asset objects unloaded after import = 1
========================================================================
Received Import Request.
  Time since last request: 2.073520 seconds.
  path: Assets/Sketchfab For Unity/Dependencies/Resources/defaultAvatar.jpg
  artifactKey: Guid(5407ede664b2b584fa51e9b93b5964a8) Importer(815301076,1909f56bfc062723c751e8b465ee728b)
Start importing Assets/Sketchfab For Unity/Dependencies/Resources/defaultAvatar.jpg using Guid(5407ede664b2b584fa51e9b93b5964a8) Importer(815301076,1909f56bfc062723c751e8b465ee728b)  -> (artifact id: 'bf47cb38b2f2c87222fad96d42d74a32') in 0.035652 seconds
Number of updated asset objects reloaded before import = 0
Number of asset objects unloaded after import = 1
========================================================================
Received Import Request.
  Time since last request: 0.000793 seconds.
  path: Assets/Plugins/Demigiant/DOTween/Editor/Imgs/DOTweenMiniIcon.png
  artifactKey: Guid(61521df2e071645488ba3d05e49289ae) Importer(815301076,1909f56bfc062723c751e8b465ee728b)
Start importing Assets/Plugins/Demigiant/DOTween/Editor/Imgs/DOTweenMiniIcon.png using Guid(61521df2e071645488ba3d05e49289ae) Importer(815301076,1909f56bfc062723c751e8b465ee728b)  -> (artifact id: 'e4bf7b18d589d508a86eb580c4de8ae8') in 0.005966 seconds
Number of updated asset objects reloaded before import = 0
Number of asset objects unloaded after import = 1
Editor requested this worker to shutdown with reason: Scaling down because of idle timeout
TcpMessagingSession - receive error: operation aborted. errorcode: 995, details: The I/O operation has been aborted because of either a thread exit or an application request.
AssetImportWorker is now disconnected from the server
Process exiting
Exiting without the bug reporter. Application will terminate with return code 0